2019-02-08 09:28:54.163  INFO 9280 --- [restartedMain] c.java.search.EsSearchHouseApplication   : Starting EsSearchHouseApplication on DESKTOP-BC2AVTT with PID 9280 (E:\IdeaProjects\es-search-house\target\classes started by 12804 in E:\IdeaProjects\es-search-house)
2019-02-08 09:28:54.244  INFO 9280 --- [restartedMain] c.java.search.EsSearchHouseApplication   : The following profiles are active: dev
2019-02-08 09:28:55.638  INFO 9280 --- [restartedMain] .e.DevToolsPropertyDefaultsPostProcessor : Devtools property defaults active! Set 'spring.devtools.add-properties' to 'false' to disable
2019-02-08 09:28:55.639  INFO 9280 --- [restartedMain] .e.DevToolsPropertyDefaultsPostProcessor : For additional web related logging consider setting the 'logging.level.web' property to 'DEBUG'
2019-02-08 09:29:05.000  INFO 9280 --- [restartedMain] .s.d.r.c.RepositoryConfigurationDelegate : Multiple Spring Data modules found, entering strict repository configuration mode!
2019-02-08 09:29:05.006  INFO 9280 --- [restartedMain] .s.d.r.c.RepositoryConfigurationDelegate : Bootstrapping Spring Data repositories in DEFAULT mode.
2019-02-08 09:29:05.163  INFO 9280 --- [restartedMain] .RepositoryConfigurationExtensionSupport : Spring Data Elasticsearch - Could not safely identify store assignment for repository candidate interface com.java.search.user.repository.UserRepository.
2019-02-08 09:29:05.164  INFO 9280 --- [restartedMain] .s.d.r.c.RepositoryConfigurationDelegate : Finished Spring Data repository scanning in 111ms. Found 0 repository interfaces.
2019-02-08 09:29:05.383  INFO 9280 --- [restartedMain] .s.d.r.c.RepositoryConfigurationDelegate : Multiple Spring Data modules found, entering strict repository configuration mode!
2019-02-08 09:29:05.385  INFO 9280 --- [restartedMain] .s.d.r.c.RepositoryConfigurationDelegate : Bootstrapping Spring Data repositories in DEFAULT mode.
2019-02-08 09:29:05.457  INFO 9280 --- [restartedMain] .s.d.r.c.RepositoryConfigurationDelegate : Finished Spring Data repository scanning in 58ms. Found 1 repository interfaces.
2019-02-08 09:29:07.385  INFO 9280 --- [restartedMain] trationDelegate$BeanPostProcessorChecker : Bean 'org.springframework.transaction.annotation.ProxyTransactionManagementConfiguration' of type [org.springframework.transaction.annotation.ProxyTransactionManagementConfiguration$$EnhancerBySpringCGLIB$$93562e48] is not eligible for getting processed by all BeanPostProcessors (for example: not eligible for auto-proxying)
2019-02-08 09:29:11.725  INFO 9280 --- [restartedMain] o.s.b.w.embedded.tomcat.TomcatWebServer  : Tomcat initialized with port(s): 8081 (http)
2019-02-08 09:29:12.096  INFO 9280 --- [restartedMain] o.apache.catalina.core.StandardService   : Starting service [Tomcat]
2019-02-08 09:29:12.096  INFO 9280 --- [restartedMain] org.apache.catalina.core.StandardEngine  : Starting Servlet engine: [Apache Tomcat/9.0.14]
2019-02-08 09:29:12.146  INFO 9280 --- [restartedMain] o.a.catalina.core.AprLifecycleListener   : The APR based Apache Tomcat Native library which allows optimal performance in production environments was not found on the java.library.path: [E:\Program Files\Java\jdk1.8.0_162\bin;C:\Windows\Sun\Java\bin;C:\Windows\system32;C:\Windows;C:\ProgramData\DockerDesktop\version-bin;C:\Program Files\Docker\Docker\Resources\bin;C:\Program Files (x86)\Common Files\Oracle\Java\javapath;E:\Programs\Python\Python37\Scripts\;E:\Programs\Python\Python37\;C:\ProgramData\Oracle\Java\javapath;C:\Windows\system32;C:\Windows;C:\Windows\System32\Wbem;C:\Windows\System32\WindowsPowerShell\v1.0\;C:\Windows\System32\OpenSSH\;E:\Program Files\nodejs\;E:\Program Files\Java\jdk1.8.0_162\bin;E:\Program Files\Java\jdk1.8.0_162\jre\bin;e:\Program Files\Git\cmd;E:\Program Files\Gradle\gradle-4.10-bin\gradle-4.10\bin;C:\Users\12804\AppData\Local\Microsoft\WindowsApps;C:\Users\12804\AppData\Roaming\npm;e:\Program Files\JetBrains\IntelliJ IDEA\bin;;e:\Program Files\JetBrains\PyCharm\bin;;e:\Program Files\JetBrains\WebStorm 2018.3.2\bin;;e:\Program Files\JetBrains\DataGrip 2018.3.1\bin;;E:\Program Files\Microsoft VS Code\Microsoft VS Code\bin;e:\Program Files\JetBrains\CLion 2018.3.3\bin;;.]
2019-02-08 09:29:12.935  INFO 9280 --- [restartedMain] o.a.c.c.C.[Tomcat].[localhost].[/]       : Initializing Spring embedded WebApplicationContext
2019-02-08 09:29:12.936  INFO 9280 --- [restartedMain] o.s.web.context.ContextLoader            : Root WebApplicationContext: initialization completed in 17296 ms
2019-02-08 09:29:14.987  INFO 9280 --- [restartedMain] com.zaxxer.hikari.HikariDataSource       : HikariPool-1 - Starting...
2019-02-08 09:29:16.335  INFO 9280 --- [restartedMain] com.zaxxer.hikari.HikariDataSource       : HikariPool-1 - Start completed.
2019-02-08 09:29:17.383  INFO 9280 --- [restartedMain] o.hibernate.jpa.internal.util.LogHelper  : HHH000204: Processing PersistenceUnitInfo [
	name: default
	...]
2019-02-08 09:29:18.320  INFO 9280 --- [restartedMain] org.hibernate.Version                    : HHH000412: Hibernate Core {5.3.7.Final}
2019-02-08 09:29:18.323  INFO 9280 --- [restartedMain] org.hibernate.cfg.Environment            : HHH000206: hibernate.properties not found
2019-02-08 09:29:22.669  INFO 9280 --- [restartedMain] o.hibernate.annotations.common.Version   : HCANN000001: Hibernate Commons Annotations {5.0.4.Final}
2019-02-08 09:29:26.433  INFO 9280 --- [restartedMain] org.hibernate.dialect.Dialect            : HHH000400: Using dialect: org.hibernate.dialect.MySQL57Dialect
2019-02-08 09:29:32.294  INFO 9280 --- [restartedMain] j.LocalContainerEntityManagerFactoryBean : Initialized JPA EntityManagerFactory for persistence unit 'default'
2019-02-08 09:29:32.781  INFO 9280 --- [restartedMain] o.s.b.d.a.OptionalLiveReloadServer       : LiveReload server is running on port 35729
2019-02-08 09:29:36.744  INFO 9280 --- [restartedMain] o.s.s.concurrent.ThreadPoolTaskExecutor  : Initializing ExecutorService 'applicationTaskExecutor'
2019-02-08 09:29:36.948  WARN 9280 --- [restartedMain] aWebConfiguration$JpaWebMvcConfiguration : spring.jpa.open-in-view is enabled by default. Therefore, database queries may be performed during view rendering. Explicitly configure spring.jpa.open-in-view to disable this warning
2019-02-08 09:29:37.339  INFO 9280 --- [restartedMain] o.s.b.a.w.s.WelcomePageHandlerMapping    : Adding welcome page template: index
2019-02-08 09:29:43.297  INFO 9280 --- [restartedMain] o.s.b.w.embedded.tomcat.TomcatWebServer  : Tomcat started on port(s): 8081 (http) with context path ''
2019-02-08 09:29:43.374  INFO 9280 --- [restartedMain] c.java.search.EsSearchHouseApplication   : Started EsSearchHouseApplication in 57.181 seconds (JVM running for 65.288)
